Started GET "/" for 127.0.0.1 at 2017-02-12 22:40:49 -0600
Processing by Rails::WelcomeController#index as HTML
  Parameters: {"internal"=>true}
  Rendering /Users/RicardoRS/.rbenv/versions/2.2.3/lib/ruby/gems/2.2.0/gems/railties-5.0.1/lib/rails/templates/rails/welcome/index.html.erb
  Rendered /Users/RicardoRS/.rbenv/versions/2.2.3/lib/ruby/gems/2.2.0/gems/railties-5.0.1/lib/rails/templates/rails/welcome/index.html.erb (3.7ms)
Completed 200 OK in 21ms (Views: 10.0ms | ActiveRecord: 0.0ms)


Started GET "/" for 127.0.0.1 at 2017-02-12 22:45:54 -0600
Processing by HomeController#index as HTML
  Rendering home/index.html.erb within layouts/application
  Rendered home/index.html.erb within layouts/application (1.7ms)
Completed 200 OK in 768ms (Views: 757.4ms | ActiveRecord: 0.0ms)


Started GET "/" for 127.0.0.1 at 2017-02-18 15:22:05 -0600
Processing by HomeController#index as HTML
  Rendering home/index.html.erb within layouts/application
  Rendered home/index.html.erb within layouts/application (1.7ms)
  Rendered home/_header.html.erb (0.9ms)
Completed 200 OK in 429ms (Views: 414.8ms | ActiveRecord: 0.0ms)


Started GET "/" for 127.0.0.1 at 2017-02-18 15:22:09 -0600
Processing by HomeController#index as HTML
  Rendering home/index.html.erb within layouts/application
  Rendered home/index.html.erb within layouts/application (0.5ms)
  Rendered home/_header.html.erb (0.5ms)
Completed 200 OK in 30ms (Views: 27.4ms | ActiveRecord: 0.0ms)


Started GET "/home/about" for 127.0.0.1 at 2017-02-18 15:22:10 -0600
Processing by HomeController#about as HTML
  Rendering home/about.html.erb within layouts/application
  Rendered home/about.html.erb within layouts/application (0.4ms)
  Rendered home/_header.html.erb (0.5ms)
Completed 200 OK in 29ms (Views: 25.6ms | ActiveRecord: 0.0ms)


Started GET "/home/about" for 127.0.0.1 at 2017-02-18 15:22:55 -0600
Processing by HomeController#about as HTML
  Rendering home/about.html.erb within layouts/application
  Rendered home/about.html.erb within layouts/application (0.3ms)
  Rendered home/_header.html.erb (0.4ms)
Completed 200 OK in 25ms (Views: 23.7ms | ActiveRecord: 0.0ms)


Started GET "/" for 127.0.0.1 at 2017-02-18 15:22:57 -0600
Processing by HomeController#index as HTML
  Rendering home/index.html.erb within layouts/application
  Rendered home/index.html.erb within layouts/application (0.5ms)
  Rendered home/_header.html.erb (0.9ms)
Completed 200 OK in 39ms (Views: 33.8ms | ActiveRecord: 0.0ms)


Started GET "/home/about" for 127.0.0.1 at 2017-02-18 15:22:57 -0600
Processing by HomeController#about as HTML
  Rendering home/about.html.erb within layouts/application
  Rendered home/about.html.erb within layouts/application (0.4ms)
  Rendered home/_header.html.erb (0.4ms)
Completed 200 OK in 44ms (Views: 40.3ms | ActiveRecord: 0.0ms)


Started GET "/" for 127.0.0.1 at 2017-02-18 15:30:13 -0600
Processing by HomeController#index as HTML
  Rendering home/index.html.erb within layouts/application
  Rendered home/index.html.erb within layouts/application (1.5ms)
Started GET "/" for 127.0.0.1 at 2017-02-18 15:30:16 -0600
Processing by HomeController#index as HTML
  Rendering home/index.html.erb within layouts/application
  Rendered home/index.html.erb within layouts/application (0.3ms)
Completed 500 Internal Server Error in 2898ms (ActiveRecord: 0.0ms)


  
ActionView::Template::Error (couldn't find file 'bootsrap' with type 'application/javascript'
Checked in these paths: 
  /Users/RicardoRS/Documents/Clases ENE-MAY17/Lab de Web/decovi/decovi/app/assets/config
  /Users/RicardoRS/Documents/Clases ENE-MAY17/Lab de Web/decovi/decovi/app/assets/images
  /Users/RicardoRS/Documents/Clases ENE-MAY17/Lab de Web/decovi/decovi/app/assets/javascripts
  /Users/RicardoRS/Documents/Clases ENE-MAY17/Lab de Web/decovi/decovi/app/assets/stylesheets
  /Users/RicardoRS/Documents/Clases ENE-MAY17/Lab de Web/decovi/decovi/vendor/assets/javascripts
  /Users/RicardoRS/Documents/Clases ENE-MAY17/Lab de Web/decovi/decovi/vendor/assets/stylesheets
  /Users/RicardoRS/.rbenv/versions/2.2.3/lib/ruby/gems/2.2.0/gems/jquery-rails-4.2.2/vendor/assets/javascripts
  /Users/RicardoRS/.rbenv/versions/2.2.3/lib/ruby/gems/2.2.0/gems/coffee-rails-4.2.1/lib/assets/javascripts
  /Users/RicardoRS/.rbenv/versions/2.2.3/lib/ruby/gems/2.2.0/gems/actioncable-5.0.1/lib/assets/compiled
  /Users/RicardoRS/.rbenv/versions/2.2.3/lib/ruby/gems/2.2.0/gems/turbolinks-source-5.0.0/lib/assets/javascripts
  /Users/RicardoRS/.rbenv/versions/2.2.3/lib/ruby/gems/2.2.0/gems/bootstrap-sass-3.3.7/assets/stylesheets
  /Users/RicardoRS/.rbenv/versions/2.2.3/lib/ruby/gems/2.2.0/gems/bootstrap-sass-3.3.7/assets/javascripts
  /Users/RicardoRS/.rbenv/versions/2.2.3/lib/ruby/gems/2.2.0/gems/bootstrap-sass-3.3.7/assets/fonts
  /Users/RicardoRS/.rbenv/versions/2.2.3/lib/ruby/gems/2.2.0/gems/bootstrap-sass-3.3.7/assets/images):
    4:     <title>Decovi</title>
    5:     <%= csrf_meta_tags %>
    6: 
    7:     <%= stylesheet_link_tag    'application', media: 'all', 'data-turbolinks-track': 'reload' %>
    8:     <%= javascript_include_tag 'application', 'data-turbolinks-track': 'reload' %>
    9:   </head>
   10: 
  
app/assets/javascripts/application.js:17
app/views/layouts/application.html.erb:7:in `_app_views_layouts_application_html_erb___37154402563731174_70248806803000'
Completed 500 Internal Server Error in 5615ms (ActiveRecord: 0.0ms)


  
ActionView::Template::Error (couldn't find file 'bootsrap' with type 'application/javascript'
Checked in these paths: 
  /Users/RicardoRS/Documents/Clases ENE-MAY17/Lab de Web/decovi/decovi/app/assets/config
  /Users/RicardoRS/Documents/Clases ENE-MAY17/Lab de Web/decovi/decovi/app/assets/images
  /Users/RicardoRS/Documents/Clases ENE-MAY17/Lab de Web/decovi/decovi/app/assets/javascripts
  /Users/RicardoRS/Documents/Clases ENE-MAY17/Lab de Web/decovi/decovi/app/assets/stylesheets
  /Users/RicardoRS/Documents/Clases ENE-MAY17/Lab de Web/decovi/decovi/vendor/assets/javascripts
  /Users/RicardoRS/Documents/Clases ENE-MAY17/Lab de Web/decovi/decovi/vendor/assets/stylesheets
  /Users/RicardoRS/.rbenv/versions/2.2.3/lib/ruby/gems/2.2.0/gems/jquery-rails-4.2.2/vendor/assets/javascripts
  /Users/RicardoRS/.rbenv/versions/2.2.3/lib/ruby/gems/2.2.0/gems/coffee-rails-4.2.1/lib/assets/javascripts
  /Users/RicardoRS/.rbenv/versions/2.2.3/lib/ruby/gems/2.2.0/gems/actioncable-5.0.1/lib/assets/compiled
  /Users/RicardoRS/.rbenv/versions/2.2.3/lib/ruby/gems/2.2.0/gems/turbolinks-source-5.0.0/lib/assets/javascripts
  /Users/RicardoRS/.rbenv/versions/2.2.3/lib/ruby/gems/2.2.0/gems/bootstrap-sass-3.3.7/assets/stylesheets
  /Users/RicardoRS/.rbenv/versions/2.2.3/lib/ruby/gems/2.2.0/gems/bootstrap-sass-3.3.7/assets/javascripts
  /Users/RicardoRS/.rbenv/versions/2.2.3/lib/ruby/gems/2.2.0/gems/bootstrap-sass-3.3.7/assets/fonts
  /Users/RicardoRS/.rbenv/versions/2.2.3/lib/ruby/gems/2.2.0/gems/bootstrap-sass-3.3.7/assets/images):
    4:     <title>Decovi</title>
    5:     <%= csrf_meta_tags %>
    6: 
    7:     <%= stylesheet_link_tag    'application', media: 'all', 'data-turbolinks-track': 'reload' %>
    8:     <%= javascript_include_tag 'application', 'data-turbolinks-track': 'reload' %>
    9:   </head>
   10: 
  
app/assets/javascripts/application.js:17
app/views/layouts/application.html.erb:7:in `_app_views_layouts_application_html_erb___37154402563731174_70248764299200'
  Rendering /Users/RicardoRS/.rbenv/versions/2.2.3/lib/ruby/gems/2.2.0/gems/actionpack-5.0.1/lib/action_dispatch/middleware/templates/rescues/template_error.html.erb within rescues/layout
  Rendering /Users/RicardoRS/.rbenv/versions/2.2.3/lib/ruby/gems/2.2.0/gems/actionpack-5.0.1/lib/action_dispatch/middleware/templates/rescues/template_error.html.erb within rescues/layout
  Rendering /Users/RicardoRS/.rbenv/versions/2.2.3/lib/ruby/gems/2.2.0/gems/actionpack-5.0.1/lib/action_dispatch/middleware/templates/rescues/_source.html.erb
  Rendered /Users/RicardoRS/.rbenv/versions/2.2.3/lib/ruby/gems/2.2.0/gems/actionpack-5.0.1/lib/action_dispatch/middleware/templates/rescues/_source.html.erb (12.2ms)
  Rendering /Users/RicardoRS/.rbenv/versions/2.2.3/lib/ruby/gems/2.2.0/gems/actionpack-5.0.1/lib/action_dispatch/middleware/templates/rescues/_source.html.erb
  Rendered /Users/RicardoRS/.rbenv/versions/2.2.3/lib/ruby/gems/2.2.0/gems/actionpack-5.0.1/lib/action_dispatch/middleware/templates/rescues/_source.html.erb (11.7ms)
  Rendering /Users/RicardoRS/.rbenv/versions/2.2.3/lib/ruby/gems/2.2.0/gems/actionpack-5.0.1/lib/action_dispatch/middleware/templates/rescues/_trace.html.erb
  Rendered /Users/RicardoRS/.rbenv/versions/2.2.3/lib/ruby/gems/2.2.0/gems/actionpack-5.0.1/lib/action_dispatch/middleware/templates/rescues/_trace.html.erb (3.7ms)
  Rendering /Users/RicardoRS/.rbenv/versions/2.2.3/lib/ruby/gems/2.2.0/gems/actionpack-5.0.1/lib/action_dispatch/middleware/templates/rescues/_trace.html.erb
  Rendered /Users/RicardoRS/.rbenv/versions/2.2.3/lib/ruby/gems/2.2.0/gems/actionpack-5.0.1/lib/action_dispatch/middleware/templates/rescues/_trace.html.erb (3.9ms)
  Rendering /Users/RicardoRS/.rbenv/versions/2.2.3/lib/ruby/gems/2.2.0/gems/actionpack-5.0.1/lib/action_dispatch/middleware/templates/rescues/_request_and_response.html.erb
  Rendering /Users/RicardoRS/.rbenv/versions/2.2.3/lib/ruby/gems/2.2.0/gems/actionpack-5.0.1/lib/action_dispatch/middleware/templates/rescues/_request_and_response.html.erb
  Rendered /Users/RicardoRS/.rbenv/versions/2.2.3/lib/ruby/gems/2.2.0/gems/actionpack-5.0.1/lib/action_dispatch/middleware/templates/rescues/_request_and_response.html.erb (0.8ms)
  Rendered /Users/RicardoRS/.rbenv/versions/2.2.3/lib/ruby/gems/2.2.0/gems/actionpack-5.0.1/lib/action_dispatch/middleware/templates/rescues/_request_and_response.html.erb (0.6ms)
  Rendered /Users/RicardoRS/.rbenv/versions/2.2.3/lib/ruby/gems/2.2.0/gems/actionpack-5.0.1/lib/action_dispatch/middleware/templates/rescues/template_error.html.erb within rescues/layout (166.2ms)
  Rendered /Users/RicardoRS/.rbenv/versions/2.2.3/lib/ruby/gems/2.2.0/gems/actionpack-5.0.1/lib/action_dispatch/middleware/templates/rescues/template_error.html.erb within rescues/layout (144.6ms)
Started GET "/" for 127.0.0.1 at 2017-02-18 15:30:20 -0600
Processing by HomeController#index as HTML
  Rendering home/index.html.erb within layouts/application
  Rendered home/index.html.erb within layouts/application (0.9ms)
Completed 500 Internal Server Error in 84ms (ActiveRecord: 0.0ms)


  
ActionView::Template::Error (couldn't find file 'bootsrap' with type 'application/javascript'
Checked in these paths: 
  /Users/RicardoRS/Documents/Clases ENE-MAY17/Lab de Web/decovi/decovi/app/assets/config
  /Users/RicardoRS/Documents/Clases ENE-MAY17/Lab de Web/decovi/decovi/app/assets/images
  /Users/RicardoRS/Documents/Clases ENE-MAY17/Lab de Web/decovi/decovi/app/assets/javascripts
  /Users/RicardoRS/Documents/Clases ENE-MAY17/Lab de Web/decovi/decovi/app/assets/stylesheets
  /Users/RicardoRS/Documents/Clases ENE-MAY17/Lab de Web/decovi/decovi/vendor/assets/javascripts
  /Users/RicardoRS/Documents/Clases ENE-MAY17/Lab de Web/decovi/decovi/vendor/assets/stylesheets
  /Users/RicardoRS/.rbenv/versions/2.2.3/lib/ruby/gems/2.2.0/gems/jquery-rails-4.2.2/vendor/assets/javascripts
  /Users/RicardoRS/.rbenv/versions/2.2.3/lib/ruby/gems/2.2.0/gems/coffee-rails-4.2.1/lib/assets/javascripts
  /Users/RicardoRS/.rbenv/versions/2.2.3/lib/ruby/gems/2.2.0/gems/actioncable-5.0.1/lib/assets/compiled
  /Users/RicardoRS/.rbenv/versions/2.2.3/lib/ruby/gems/2.2.0/gems/turbolinks-source-5.0.0/lib/assets/javascripts
  /Users/RicardoRS/.rbenv/versions/2.2.3/lib/ruby/gems/2.2.0/gems/bootstrap-sass-3.3.7/assets/stylesheets
  /Users/RicardoRS/.rbenv/versions/2.2.3/lib/ruby/gems/2.2.0/gems/bootstrap-sass-3.3.7/assets/javascripts
  /Users/RicardoRS/.rbenv/versions/2.2.3/lib/ruby/gems/2.2.0/gems/bootstrap-sass-3.3.7/assets/fonts
  /Users/RicardoRS/.rbenv/versions/2.2.3/lib/ruby/gems/2.2.0/gems/bootstrap-sass-3.3.7/assets/images):
    4:     <title>Decovi</title>
    5:     <%= csrf_meta_tags %>
    6: 
    7:     <%= stylesheet_link_tag    'application', media: 'all', 'data-turbolinks-track': 'reload' %>
    8:     <%= javascript_include_tag 'application', 'data-turbolinks-track': 'reload' %>
    9:   </head>
   10: 
  
app/assets/javascripts/application.js:17
app/views/layouts/application.html.erb:7:in `_app_views_layouts_application_html_erb___37154402563731174_70248780712000'
  Rendering /Users/RicardoRS/.rbenv/versions/2.2.3/lib/ruby/gems/2.2.0/gems/actionpack-5.0.1/lib/action_dispatch/middleware/templates/rescues/template_error.html.erb within rescues/layout
  Rendering /Users/RicardoRS/.rbenv/versions/2.2.3/lib/ruby/gems/2.2.0/gems/actionpack-5.0.1/lib/action_dispatch/middleware/templates/rescues/_source.html.erb
  Rendered /Users/RicardoRS/.rbenv/versions/2.2.3/lib/ruby/gems/2.2.0/gems/actionpack-5.0.1/lib/action_dispatch/middleware/templates/rescues/_source.html.erb (13.2ms)
  Rendering /Users/RicardoRS/.rbenv/versions/2.2.3/lib/ruby/gems/2.2.0/gems/actionpack-5.0.1/lib/action_dispatch/middleware/templates/rescues/_trace.html.erb
  Rendered /Users/RicardoRS/.rbenv/versions/2.2.3/lib/ruby/gems/2.2.0/gems/actionpack-5.0.1/lib/action_dispatch/middleware/templates/rescues/_trace.html.erb (3.3ms)
  Rendering /Users/RicardoRS/.rbenv/versions/2.2.3/lib/ruby/gems/2.2.0/gems/actionpack-5.0.1/lib/action_dispatch/middleware/templates/rescues/_request_and_response.html.erb
  Rendered /Users/RicardoRS/.rbenv/versions/2.2.3/lib/ruby/gems/2.2.0/gems/actionpack-5.0.1/lib/action_dispatch/middleware/templates/rescues/_request_and_response.html.erb (0.8ms)
  Rendered /Users/RicardoRS/.rbenv/versions/2.2.3/lib/ruby/gems/2.2.0/gems/actionpack-5.0.1/lib/action_dispatch/middleware/templates/rescues/template_error.html.erb within rescues/layout (93.1ms)
Started GET "/" for 127.0.0.1 at 2017-02-18 15:30:34 -0600
Processing by HomeController#index as HTML
  Rendering home/index.html.erb within layouts/application
  Rendered home/index.html.erb within layouts/application (1.6ms)
  Rendered home/_header.html.erb (0.5ms)
Completed 200 OK in 662ms (Views: 652.6ms | ActiveRecord: 0.0ms)


Started GET "/" for 127.0.0.1 at 2017-02-18 15:30:37 -0600
Processing by HomeController#index as HTML
  Rendering home/index.html.erb within layouts/application
  Rendered home/index.html.erb within layouts/application (0.5ms)
  Rendered home/_header.html.erb (0.5ms)
Completed 200 OK in 69ms (Views: 66.4ms | ActiveRecord: 0.0ms)


Started GET "/home/about" for 127.0.0.1 at 2017-02-18 15:30:37 -0600
Processing by HomeController#about as HTML
  Rendering home/about.html.erb within layouts/application
  Rendered home/about.html.erb within layouts/application (0.6ms)
  Rendered home/_header.html.erb (0.5ms)
Completed 200 OK in 69ms (Views: 64.8ms | ActiveRecord: 0.0ms)


Started GET "/" for 127.0.0.1 at 2017-02-18 15:39:29 -0600
Processing by HomeController#index as HTML
  Rendering home/index.html.erb within layouts/application
  Rendered home/index.html.erb within layouts/application (6.1ms)
  Rendered home/_header.html.erb (1.1ms)
Completed 200 OK in 408ms (Views: 396.8ms | ActiveRecord: 0.0ms)


Started GET "/" for 127.0.0.1 at 2017-02-18 15:40:03 -0600
Processing by HomeController#index as HTML
  Rendering home/index.html.erb within layouts/application
  Rendered home/index.html.erb within layouts/application (0.6ms)
  Rendered home/_header.html.erb (0.8ms)
Completed 200 OK in 50ms (Views: 47.7ms | ActiveRecord: 0.0ms)


Started GET "/" for 127.0.0.1 at 2017-02-18 15:40:12 -0600
Processing by HomeController#index as HTML
  Rendering home/index.html.erb within layouts/application
  Rendered home/index.html.erb within layouts/application (0.5ms)
  Rendered home/_header.html.erb (0.5ms)
Completed 200 OK in 50ms (Views: 49.0ms | ActiveRecord: 0.0ms)


Started GET "/" for 127.0.0.1 at 2017-02-18 15:40:44 -0600
Processing by HomeController#index as HTML
  Rendering home/index.html.erb within layouts/application
  Rendered home/index.html.erb within layouts/application (0.6ms)
  Rendered home/_header.html.erb (0.9ms)
Completed 200 OK in 83ms (Views: 81.6ms | ActiveRecord: 0.0ms)


Started GET "/" for 127.0.0.1 at 2017-02-18 15:42:04 -0600
Processing by HomeController#index as HTML
  Rendering home/index.html.erb within layouts/application
  Rendered home/index.html.erb within layouts/application (1.2ms)
  Rendered home/_header.html.erb (0.6ms)
Completed 200 OK in 91ms (Views: 87.1ms | ActiveRecord: 0.0ms)


Started GET "/" for 127.0.0.1 at 2017-02-18 15:43:25 -0600
Processing by HomeController#index as HTML
  Rendering home/index.html.erb within layouts/application
  Rendered home/index.html.erb within layouts/application (1.4ms)
  Rendered home/_header.html.erb (0.5ms)
Completed 200 OK in 1708ms (Views: 1705.0ms | ActiveRecord: 0.0ms)


Started GET "/" for 127.0.0.1 at 2017-02-18 15:43:30 -0600
Processing by HomeController#index as HTML
  Rendering home/index.html.erb within layouts/application
  Rendered home/index.html.erb within layouts/application (0.5ms)
  Rendered home/_header.html.erb (0.9ms)
Completed 200 OK in 68ms (Views: 66.4ms | ActiveRecord: 0.0ms)


Started GET "/" for 127.0.0.1 at 2017-02-18 15:43:43 -0600
Processing by HomeController#index as HTML
  Rendering home/index.html.erb within layouts/application
  Rendered home/index.html.erb within layouts/application (0.6ms)
  Rendered home/_header.html.erb (0.4ms)
Completed 200 OK in 1574ms (Views: 1572.7ms | ActiveRecord: 0.0ms)


Started GET "/" for 127.0.0.1 at 2017-02-18 15:44:33 -0600
Processing by HomeController#index as HTML
  Rendering home/index.html.erb within layouts/application
  Rendered home/index.html.erb within layouts/application (1.0ms)
  Rendered home/_header.html.erb (0.8ms)
Completed 200 OK in 1607ms (Views: 1605.4ms | ActiveRecord: 0.0ms)


Started GET "/" for 127.0.0.1 at 2017-02-18 15:45:15 -0600
Processing by HomeController#index as HTML
  Rendering home/index.html.erb within layouts/application
  Rendered home/index.html.erb within layouts/application (0.9ms)
  Rendered home/_header.html.erb (0.8ms)
Completed 200 OK in 77ms (Views: 74.2ms | ActiveRecord: 0.0ms)


Started GET "/home/about" for 127.0.0.1 at 2017-02-18 15:45:15 -0600
Processing by HomeController#about as HTML
  Rendering home/about.html.erb within layouts/application
  Rendered home/about.html.erb within layouts/application (0.8ms)
  Rendered home/_header.html.erb (0.8ms)
Completed 200 OK in 81ms (Views: 78.6ms | ActiveRecord: 0.0ms)


Started GET "/home/about" for 127.0.0.1 at 2017-02-18 15:45:17 -0600
Processing by HomeController#about as HTML
  Rendering home/about.html.erb within layouts/application
  Rendered home/about.html.erb within layouts/application (0.4ms)
  Rendered home/_header.html.erb (1.1ms)
Completed 200 OK in 67ms (Views: 62.8ms | ActiveRecord: 0.0ms)


Started GET "/home/about" for 127.0.0.1 at 2017-02-18 15:45:19 -0600
Processing by HomeController#about as HTML
  Rendering home/about.html.erb within layouts/application
  Rendered home/about.html.erb within layouts/application (0.4ms)
  Rendered home/_header.html.erb (1.0ms)
Completed 200 OK in 64ms (Views: 62.1ms | ActiveRecord: 0.0ms)


Started GET "/" for 127.0.0.1 at 2017-02-18 15:45:21 -0600
Processing by HomeController#index as HTML
  Rendering home/index.html.erb within layouts/application
  Rendered home/index.html.erb within layouts/application (0.9ms)
  Rendered home/_header.html.erb (0.4ms)
Completed 200 OK in 85ms (Views: 79.8ms | ActiveRecord: 0.0ms)


Started GET "/" for 127.0.0.1 at 2017-02-18 15:45:22 -0600
Processing by HomeController#index as HTML
  Rendering home/index.html.erb within layouts/application
  Rendered home/index.html.erb within layouts/application (1.2ms)
  Rendered home/_header.html.erb (0.6ms)
Completed 200 OK in 77ms (Views: 73.6ms | ActiveRecord: 0.0ms)


Started GET "/" for 127.0.0.1 at 2017-02-18 15:45:23 -0600
Processing by HomeController#index as HTML
  Rendering home/index.html.erb within layouts/application
  Rendered home/index.html.erb within layouts/application (0.9ms)
  Rendered home/_header.html.erb (0.5ms)
Completed 200 OK in 65ms (Views: 63.5ms | ActiveRecord: 0.0ms)


Started GET "/" for 127.0.0.1 at 2017-02-18 15:46:21 -0600
Processing by HomeController#index as HTML
  Rendering home/index.html.erb within layouts/application
  Rendered home/index.html.erb within layouts/application (0.6ms)
  Rendered home/_header.html.erb (0.6ms)
Completed 200 OK in 64ms (Views: 62.8ms | ActiveRecord: 0.0ms)


Started GET "/" for 127.0.0.1 at 2017-02-18 15:46:23 -0600
Processing by HomeController#index as HTML
  Rendering home/index.html.erb within layouts/application
  Rendered home/index.html.erb within layouts/application (1.2ms)
  Rendered home/_header.html.erb (1.2ms)
Completed 200 OK in 70ms (Views: 65.5ms | ActiveRecord: 0.0ms)


Started GET "/" for 127.0.0.1 at 2017-02-18 15:46:24 -0600
Processing by HomeController#index as HTML
  Rendering home/index.html.erb within layouts/application
  Rendered home/index.html.erb within layouts/application (3.9ms)
  Rendered home/_header.html.erb (0.9ms)
Completed 200 OK in 68ms (Views: 66.0ms | ActiveRecord: 0.0ms)


Started GET "/home/about" for 127.0.0.1 at 2017-02-18 15:46:24 -0600
Processing by HomeController#about as HTML
  Rendering home/about.html.erb within layouts/application
  Rendered home/about.html.erb within layouts/application (0.5ms)
  Rendered home/_header.html.erb (0.6ms)
Completed 200 OK in 70ms (Views: 67.7ms | ActiveRecord: 0.0ms)


Started GET "/" for 127.0.0.1 at 2017-02-18 15:46:25 -0600
Processing by HomeController#index as HTML
  Rendering home/index.html.erb within layouts/application
  Rendered home/index.html.erb within layouts/application (0.8ms)
  Rendered home/_header.html.erb (1.0ms)
Completed 200 OK in 82ms (Views: 79.4ms | ActiveRecord: 0.0ms)


